<?xml version="1.0" encoding="UTF-8"?>
<!-- Generated by org.testng.reporters.JUnitReportReporter -->
<testsuite hostname="Maanvi-PC" failures="0" tests="1" name="firstprogram.first" time="0.021" errors="0" timestamp="3 Dec 2020 08:37:04 GMT" skipped="0">
  <testcase classname="firstprogram.first" name="Demo" time="0.021"/>
</testsuite> <!-- firstprogram.first -->
